
ghczmprim_GHCziTypes_ZMZN_con_info
ghczmprim_GHCziTypes_ZC_con_info
ghczmprim_GHCziTypes_Izh_con_info
glszmplatformzm0zm8WC3tlWl4ccC9ofrk07HMs_GLSzuPlatform_layoutText_closure
ghczmprim_GHCziCString_unpackCStringzh_closure
textzm2zi0zi2_DataziText_zdfIsStringText_closure
base_DataziString_fromString_closure
glszmplatformzm0zm8WC3tlWl4ccC9ofrk07HMs_GLSzuPlatform_zdWSomeApp_closure
glszmplatformzm0zm8WC3tlWl4ccC9ofrk07HMs_GLSzuPlatform_zdWApp_closure
base_GHCziBase_zdfMonadIO_closure
base_GHCziBase_return_closure
base_GHCziBase_returnIO_closure
ghczmprim_GHCziTypes_ZMZN_con_info
ghczmprim_GHCziTypes_ZC_con_info
ghczmprim_GHCziTypes_Izh_con_info
glszmplatformzm0zm8WC3tlWl4ccC9ofrk07HMs_GLSzuPlatform_layoutText_closure
ghczmprim_GHCziCString_unpackCStringzh_closure
textzm2zi0zi2_DataziText_zdfIsStringText_closure
base_DataziString_fromString_closure
glszmplatformzm0zm8WC3tlWl4ccC9ofrk07HMs_GLSzuPlatform_zdWSomeApp_closure
glszmplatformzm0zm8WC3tlWl4ccC9ofrk07HMs_GLSzuPlatform_zdWApp_closure
base_GHCziBase_zdfMonadIO_closure
base_GHCziBase_return_closure
base_GHCziBase_returnIO_closure
ghczmprim_GHCziTypes_ZMZN_con_info
ghczmprim_GHCziTypes_ZC_con_info
ghczmprim_GHCziTypes_Izh_con_info
glszmplatformzm0zm8WC3tlWl4ccC9ofrk07HMs_GLSzuPlatform_layoutText_closure
ghczmprim_GHCziCString_unpackCStringzh_closure
textzm2zi0zi2_DataziText_zdfIsStringText_closure
base_DataziString_fromString_closure
glszmplatformzm0zm8WC3tlWl4ccC9ofrk07HMs_GLSzuPlatform_zdWSomeApp_closure
glszmplatformzm0zm8WC3tlWl4ccC9ofrk07HMs_GLSzuPlatform_zdWApp_closure
base_GHCziBase_zdfMonadIO_closure
base_GHCziBase_return_closure
base_GHCziBase_returnIO_closure
ghczmprim_GHCziTypes_ZMZN_con_info
ghczmprim_GHCziTypes_ZC_con_info
ghczmprim_GHCziTypes_Izh_con_info
glszmplatformzm0zm8WC3tlWl4ccC9ofrk07HMs_GLSzuPlatform_layoutText_closure
ghczmprim_GHCziCString_unpackCStringzh_closure
textzm2zi0zi2_DataziText_zdfIsStringText_closure
base_DataziString_fromString_closure
glszmplatformzm0zm8WC3tlWl4ccC9ofrk07HMs_GLSzuPlatform_zdWSomeApp_closure
glszmplatformzm0zm8WC3tlWl4ccC9ofrk07HMs_GLSzuPlatform_zdWApp_closure
base_GHCziBase_zdfMonadIO_closure
base_GHCziBase_return_closure
base_GHCziBase_returnIO_closure
ghczmprim_GHCziTypes_ZMZN_con_info
ghczmprim_GHCziTypes_ZC_con_info
ghczmprim_GHCziTypes_Izh_con_info
glszmplatformzm0zm8WC3tlWl4ccC9ofrk07HMs_GLSzuPlatform_layoutText_closure
ghczmprim_GHCziCString_unpackCStringzh_closure
textzm2zi0zi2_DataziText_zdfIsStringText_closure
base_DataziString_fromString_closure
glszmplatformzm0zm8WC3tlWl4ccC9ofrk07HMs_GLSzuPlatform_zdWSomeApp_closure
glszmplatformzm0zm8WC3tlWl4ccC9ofrk07HMs_GLSzuPlatform_zdWApp_closure
base_GHCziBase_zdfMonadIO_closure
base_GHCziBase_return_closure
base_GHCziBase_returnIO_closure
ghczmprim_GHCziTypes_ZMZN_con_info
ghczmprim_GHCziTypes_ZC_con_info
ghczmprim_GHCziTypes_Izh_con_info
glszmplatformzm0zm8WC3tlWl4ccC9ofrk07HMs_GLSzuPlatform_layoutText_closure
ghczmprim_GHCziCString_unpackCStringzh_closure
textzm2zi0zi2_DataziText_zdfIsStringText_closure
base_DataziString_fromString_closure
glszmplatformzm0zm8WC3tlWl4ccC9ofrk07HMs_GLSzuPlatform_zdWSomeApp_closure
glszmplatformzm0zm8WC3tlWl4ccC9ofrk07HMs_GLSzuPlatform_zdWApp_closure
base_GHCziBase_zdfMonadIO_closure
base_GHCziBase_return_closure
base_GHCziBase_returnIO_closure
ghczmprim_GHCziTypes_ZMZN_con_info
ghczmprim_GHCziTypes_ZC_con_info
ghczmprim_GHCziTypes_Izh_con_info
glszmplatformzm0zm8WC3tlWl4ccC9ofrk07HMs_GLSzuPlatform_layoutText_closure
ghczmprim_GHCziCString_unpackCStringzh_closure
textzm2zi0zi2_DataziText_zdfIsStringText_closure
base_DataziString_fromString_closure
glszmplatformzm0zm8WC3tlWl4ccC9ofrk07HMs_GLSzuPlatform_zdWSomeApp_closure
glszmplatformzm0zm8WC3tlWl4ccC9ofrk07HMs_GLSzuPlatform_zdWApp_closure
base_GHCziBase_zdfMonadIO_closure
base_GHCziBase_return_closure
base_GHCziBase_returnIO_closure
ghczmprim_GHCziTypes_ZMZN_con_info
ghczmprim_GHCziTypes_ZC_con_info
ghczmprim_GHCziTypes_Izh_con_info
glszmplatformzm0zm8WC3tlWl4ccC9ofrk07HMs_GLSzuPlatform_layoutText_closure
ghczmprim_GHCziCString_unpackCStringzh_closure
textzm2zi0zi2_DataziText_zdfIsStringText_closure
base_DataziString_fromString_closure
glszmplatformzm0zm8WC3tlWl4ccC9ofrk07HMs_GLSzuPlatform_zdWSomeApp_closure
glszmplatformzm0zm8WC3tlWl4ccC9ofrk07HMs_GLSzuPlatform_zdWApp_closure
base_GHCziBase_zdfMonadIO_closure
base_GHCziBase_return_closure
base_GHCziBase_returnIO_closure